<?xml version="1.0" encoding="UTF-8"?>
<!-- Generated by org.testng.reporters.JUnitXMLReporter -->
<testsuite ignored="0" hostname="DESKTOP-NQ1KCMR" failures="0" tests="4" name="Test1" time="9.737" errors="0" timestamp="2025-09-12T13:06:40 IST">
  <testcase classname="testscript.LoginTest" name="verifyUserLoginWithValidCredential" time="1.384"/>
  <testcase classname="testscript.LoginTest" name="verifyUserLoginWithValidUsernameandInvalidPassword" time="0.584"/>
  <testcase classname="testscript.LoginTest" name="verifyUserLoginWithInvalidUsernameandValidPassword" time="0.72"/>
  <testcase classname="testscript.LoginTest" name="verifyUserLoginWithInvalidCredentials" time="0.642"/>
</testsuite> <!-- Test1 -->
