<?xml version="1.0" encoding="UTF-8"?>
<!-- Generated by org.testng.reporters.JUnitXMLReporter -->
<testsuite ignored="3" hostname="DESKTOP-NQ1KCMR" failures="1" tests="3" name="Test" time="8.291" errors="0" timestamp="2025-09-15T09:29:29 IST">
  <testcase classname="testscript.LoginTest" name="verifyUserLoginWithValidCredential" time="0.743">
    <skipped/>
  </testcase> <!-- verifyUserLoginWithValidCredential -->
  <testcase classname="testscript.LoginTest" name="verifyUserLoginWithValidCredential" time="0.04">
    <skipped/>
  </testcase> <!-- verifyUserLoginWithValidCredential -->
  <testcase classname="testscript.LoginTest" name="verifyUserLoginWithValidCredential" time="0.045">
    <failure type="java.lang.NullPointerException" message="Cannot invoke &amp;quot;org.apache.poi.xssf.usermodel.XSSFCell.getStringCellValue()&amp;quot; because &amp;quot;c&amp;quot; is null">
      <![CDATA[java.lang.NullPointerException: Cannot invoke "org.apache.poi.xssf.usermodel.XSSFCell.getStringCellValue()" because "c" is null
at utilities.ExcelUtility.readStringData(ExcelUtility.java:24)
at testscript.LoginTest.verifyUserLoginWithValidCredential(LoginTest.java:18)
at java.base/java.util.ArrayList.forEach(ArrayList.java:1596)
... Removed 25 stack frames]]>
    </failure>
  </testcase> <!-- verifyUserLoginWithValidCredential -->
  <testcase classname="testscript.LoginTest" name="verifyUserLoginWithInvalidUsernameandValidPassword" time="0.0">
    <ignored/>
  </testcase> <!-- verifyUserLoginWithInvalidUsernameandValidPassword -->
  <testcase classname="testscript.LoginTest" name="verifyUserLoginWithValidUsernameandInvalidPassword" time="0.0">
    <ignored/>
  </testcase> <!-- verifyUserLoginWithValidUsernameandInvalidPassword -->
  <testcase classname="testscript.LoginTest" name="verifyUserLoginWithInvalidCredentials" time="0.0">
    <ignored/>
  </testcase> <!-- verifyUserLoginWithInvalidCredentials -->
</testsuite> <!-- Test -->
