<?xml version="1.0" encoding="UTF-8"?>
<testng-results ignored="0" total="1" passed="1" failed="0" skipped="0">
  <reporter-output>
  </reporter-output>
  <suite started-at="2025-09-07T18:01:28 IST" name="Default suite" finished-at="2025-09-07T18:01:34 IST" duration-ms="6173">
    <groups>
    </groups>
    <test started-at="2025-09-07T18:01:28 IST" name="Default test" finished-at="2025-09-07T18:01:34 IST" duration-ms="6173">
      <class name="testscript.AdminTest">
        <test-method is-config="true" signature="initializeBrowser()[pri:0, instance:testscript.AdminTest@2a4fb17b]" started-at="2025-09-07T18:01:28 IST" name="initializeBrowser" finished-at="2025-09-07T18:01:31 IST" duration-ms="3393" status="PASS">
          <reporter-output>
          </reporter-output>
        </test-method> <!-- initializeBrowser -->
        <test-method signature="verifyUserisabletoAddNewUser()[pri:0, instance:testscript.AdminTest@2a4fb17b]" started-at="2025-09-07T18:01:31 IST" name="verifyUserisabletoAddNewUser" finished-at="2025-09-07T18:01:34 IST" duration-ms="2439" status="PASS">
          <reporter-output>
          </reporter-output>
        </test-method> <!-- verifyUserisabletoAddNewUser -->
        <test-method is-config="true" signature="driverQuit(org.testng.ITestResult)[pri:0, instance:testscript.AdminTest@2a4fb17b]" started-at="2025-09-07T18:01:34 IST" name="driverQuit" finished-at="2025-09-07T18:01:34 IST" duration-ms="285" status="PASS">
          <params>
            <param index="0">
              <value>
                <![CDATA[[TestResult name=verifyUserisabletoAddNewUser status=SUCCESS method=AdminTest.verifyUserisabletoAddNewUser()[pri:0, instance:testscript.AdminTest@2a4fb17b] output={null}]]]>
              </value>
            </param>
          </params>
          <reporter-output>
          </reporter-output>
        </test-method> <!-- driverQuit -->
      </class> <!-- testscript.AdminTest -->
    </test> <!-- Default test -->
  </suite> <!-- Default suite -->
</testng-results>
