<?xml version="1.0" encoding="UTF-8"?>
<testng-results ignored="0" total="1" passed="1" failed="0" skipped="0">
  <reporter-output>
  </reporter-output>
  <suite started-at="2025-09-01T16:01:28 IST" name="Default suite" finished-at="2025-09-01T16:01:31 IST" duration-ms="3459">
    <groups>
    </groups>
    <test started-at="2025-09-01T16:01:28 IST" name="Default test" finished-at="2025-09-01T16:01:31 IST" duration-ms="3459">
      <class name="testscript.AdminTest">
        <test-method is-config="true" signature="initializeBrowser()[pri:0, instance:testscript.AdminTest@799f10e1]" started-at="2025-09-01T16:01:28 IST" name="initializeBrowser" finished-at="2025-09-01T16:01:30 IST" duration-ms="1773" status="PASS">
          <reporter-output>
          </reporter-output>
        </test-method> <!-- initializeBrowser -->
        <test-method signature="verifyUserisabletoSearchNewUser()[pri:0, instance:testscript.AdminTest@799f10e1]" started-at="2025-09-01T16:01:30 IST" name="verifyUserisabletoSearchNewUser" finished-at="2025-09-01T16:01:31 IST" duration-ms="1640" status="PASS">
          <reporter-output>
          </reporter-output>
        </test-method> <!-- verifyUserisabletoSearchNewUser -->
        <test-method is-config="true" signature="closeAndQuit()[pri:0, instance:testscript.AdminTest@799f10e1]" started-at="2025-09-01T16:01:31 IST" name="closeAndQuit" finished-at="2025-09-01T16:01:31 IST" duration-ms="2" status="PASS">
          <reporter-output>
          </reporter-output>
        </test-method> <!-- closeAndQuit -->
      </class> <!-- testscript.AdminTest -->
    </test> <!-- Default test -->
  </suite> <!-- Default suite -->
</testng-results>
