<?xml version="1.0" encoding="UTF-8"?>
<!-- Generated by org.testng.reporters.JUnitXMLReporter -->
<testsuite ignored="1" hostname="DESKTOP-NQ1KCMR" failures="0" tests="1" name="Default test" time="3.459" errors="0" timestamp="2025-09-01T16:01:31 IST">
  <testcase classname="testscript.AdminTest" name="verifyUserisabletoSearchNewUser" time="1.64"/>
  <testcase classname="testscript.AdminTest" name="verifyUserisabletoAddNewUser" time="0.0">
    <ignored/>
  </testcase> <!-- verifyUserisabletoAddNewUser -->
</testsuite> <!-- Default test -->
