<?xml version="1.0" encoding="UTF-8"?>
<!-- Generated by org.testng.reporters.JUnitXMLReporter -->
<testsuite ignored="2" hostname="DESKTOP-NQ1KCMR" failures="0" tests="1" name="Default test" time="4.133" errors="0" timestamp="2025-09-07T08:13:37 IST">
  <testcase classname="testscript.ManageNewsTest" name="verifyUserisabletoSearchNewlyAddedNews" time="1.788"/>
  <testcase classname="testscript.ManageNewsTest" name="verifyUserisabletoAddNewNews" time="0.0">
    <ignored/>
  </testcase> <!-- verifyUserisabletoAddNewNews -->
  <testcase classname="testscript.ManageNewsTest" name="verifyUserisabletoResetNewlyAddedNews" time="0.0">
    <ignored/>
  </testcase> <!-- verifyUserisabletoResetNewlyAddedNews -->
</testsuite> <!-- Default test -->
